
*** Running vivado
    with args -log S_onboard.vds -m64 -product Vivado -mode batch -messageDb vivado.pb -notrace -source S_onboard.tcl


ECHO disattivato.
ECHO disattivato.

****** Vivado v2023.1 (64-bit)
  **** SW Build 3865809 on Sun May  7 15:05:29 MDT 2023
  **** IP Build 3864474 on Sun May  7 20:36:21 MDT 2023
  **** SharedData Build 3865790 on Sun May 07 13:33:03 MDT 2023
    ** Copyright 1986-2022 Xilinx, Inc. All Rights Reserved.
    ** Copyright 2022-2023 Advanced Micro Devices, Inc. All Rights Reserved.

source S_onboard.tcl -notrace
create_project: Time (s): cpu = 00:00:11 ; elapsed = 00:00:12 . Memory (MB): peak = 478.160 ; gain = 214.254
Command: read_checkpoint -auto_incremental -incremental C:/Xilinx/Projects/2_2_ROM_M_BOARD/2_2_ROM_M_BOARD.srcs/utils_1/imports/synth_1/S_onboard.dcp
INFO: [Vivado 12-5825] Read reference checkpoint from C:/Xilinx/Projects/2_2_ROM_M_BOARD/2_2_ROM_M_BOARD.srcs/utils_1/imports/synth_1/S_onboard.dcp for incremental synthesis
INFO: [Vivado 12-7989] Please ensure there are no constraint changes
Command: synth_design -top S_onboard -part xc7a100tcsg324-1
Starting synth_design
Attempting to get a license for feature 'Synthesis' and/or device 'xc7a100t'
INFO: [Common 17-349] Got license for feature 'Synthesis' and/or device 'xc7a100t'
INFO: [Device 21-403] Loading part xc7a100tcsg324-1
INFO: [Designutils 20-5440] No compile time benefit to using incremental synthesis; A full resynthesis will be run
INFO: [Designutils 20-4379] Flow is switching to default flow due to incremental criteria not met. If you would like to alter this behaviour and have the flow terminate instead, please set the following parameter config_implementation {autoIncr.Synth.RejectBehavior Terminate}
INFO: [Synth 8-7079] Multithreading enabled for synth_design using a maximum of 2 processes.
INFO: [Synth 8-7078] Launching helper process for spawning children vivado processes
INFO: [Synth 8-7075] Helper process launched with PID 1340
---------------------------------------------------------------------------------
Starting RTL Elaboration : Time (s): cpu = 00:00:05 ; elapsed = 00:00:06 . Memory (MB): peak = 1309.773 ; gain = 411.031
---------------------------------------------------------------------------------
INFO: [Synth 8-638] synthesizing module 'S_onboard' [C:/Xilinx/Projects/2_2_ROM_M_BOARD/2_2_ROM_M_BOARD.srcs/sources_1/new/S_onboard.vhd:19]
INFO: [Synth 8-3491] module 'S' declared at 'C:/Xilinx/Projects/2_2_ROM_M_BOARD/2_2_ROM_M_BOARD.srcs/sources_1/imports/new/S.vhd:5' bound to instance 'S_onboard' of component 'S' [C:/Xilinx/Projects/2_2_ROM_M_BOARD/2_2_ROM_M_BOARD.srcs/sources_1/new/S_onboard.vhd:29]
INFO: [Synth 8-638] synthesizing module 'S' [C:/Xilinx/Projects/2_2_ROM_M_BOARD/2_2_ROM_M_BOARD.srcs/sources_1/imports/new/S.vhd:12]
INFO: [Synth 8-3491] module 'ROM' declared at 'C:/Xilinx/Projects/2_2_ROM_M_BOARD/2_2_ROM_M_BOARD.srcs/sources_1/imports/new/ROM.vhd:6' bound to instance 'rom_16_8' of component 'ROM' [C:/Xilinx/Projects/2_2_ROM_M_BOARD/2_2_ROM_M_BOARD.srcs/sources_1/imports/new/S.vhd:30]
INFO: [Synth 8-638] synthesizing module 'ROM' [C:/Xilinx/Projects/2_2_ROM_M_BOARD/2_2_ROM_M_BOARD.srcs/sources_1/imports/new/ROM.vhd:13]
INFO: [Synth 8-256] done synthesizing module 'ROM' (0#1) [C:/Xilinx/Projects/2_2_ROM_M_BOARD/2_2_ROM_M_BOARD.srcs/sources_1/imports/new/ROM.vhd:13]
INFO: [Synth 8-3491] module 'M' declared at 'C:/Xilinx/Projects/2_2_ROM_M_BOARD/2_2_ROM_M_BOARD.srcs/sources_1/imports/new/M.vhd:5' bound to instance 'm_comb' of component 'M' [C:/Xilinx/Projects/2_2_ROM_M_BOARD/2_2_ROM_M_BOARD.srcs/sources_1/imports/new/S.vhd:36]
INFO: [Synth 8-638] synthesizing module 'M' [C:/Xilinx/Projects/2_2_ROM_M_BOARD/2_2_ROM_M_BOARD.srcs/sources_1/imports/new/M.vhd:12]
INFO: [Synth 8-256] done synthesizing module 'M' (0#1) [C:/Xilinx/Projects/2_2_ROM_M_BOARD/2_2_ROM_M_BOARD.srcs/sources_1/imports/new/M.vhd:12]
INFO: [Synth 8-256] done synthesizing module 'S' (0#1) [C:/Xilinx/Projects/2_2_ROM_M_BOARD/2_2_ROM_M_BOARD.srcs/sources_1/imports/new/S.vhd:12]
INFO: [Synth 8-256] done synthesizing module 'S_onboard' (0#1) [C:/Xilinx/Projects/2_2_ROM_M_BOARD/2_2_ROM_M_BOARD.srcs/sources_1/new/S_onboard.vhd:19]
---------------------------------------------------------------------------------
Finished RTL Elaboration : Time (s): cpu = 00:00:06 ; elapsed = 00:00:08 . Memory (MB): peak = 1400.633 ; gain = 501.891
---------------------------------------------------------------------------------
---------------------------------------------------------------------------------
Start Handling Custom Attributes
---------------------------------------------------------------------------------
---------------------------------------------------------------------------------
Finished Handling Custom Attributes : Time (s): cpu = 00:00:06 ; elapsed = 00:00:08 . Memory (MB): peak = 1400.633 ; gain = 501.891
---------------------------------------------------------------------------------
---------------------------------------------------------------------------------
Finished RTL Optimization Phase 1 : Time (s): cpu = 00:00:06 ; elapsed = 00:00:08 . Memory (MB): peak = 1400.633 ; gain = 501.891
---------------------------------------------------------------------------------
Netlist sorting complete. Time (s): cpu = 00:00:00 ; elapsed = 00:00:00 . Memory (MB): peak = 1400.633 ; gain = 0.000
INFO: [Project 1-570] Preparing netlist for logic optimization

Processing XDC Constraints
Initializing timing engine
Parsing XDC File [C:/Xilinx/Projects/2_2_ROM_M_BOARD/2_2_ROM_M_BOARD.srcs/constrs_1/imports/BoardFiles/Nexys-A7-100T-Master.xdc]
Finished Parsing XDC File [C:/Xilinx/Projects/2_2_ROM_M_BOARD/2_2_ROM_M_BOARD.srcs/constrs_1/imports/BoardFiles/Nexys-A7-100T-Master.xdc]
INFO: [Project 1-236] Implementation specific constraints were found while reading constraint file [C:/Xilinx/Projects/2_2_ROM_M_BOARD/2_2_ROM_M_BOARD.srcs/constrs_1/imports/BoardFiles/Nexys-A7-100T-Master.xdc]. These constraints will be ignored for synthesis but will be used in implementation. Impacted constraints are listed in the file [.Xil/S_onboard_propImpl.xdc].
Resolution: To avoid this warning, move constraints listed in [.Xil/S_onboard_propImpl.xdc] to another XDC file and exclude this new file from synthesis with the used_in_synthesis property (File Properties dialog in GUI) and re-run elaboration/synthesis.
Completed Processing XDC Constraints

Netlist sorting complete. Time (s): cpu = 00:00:00 ; elapsed = 00:00:00 . Memory (MB): peak = 1444.664 ; gain = 0.000
INFO: [Project 1-111] Unisim Transformation Summary:
No Unisim elements were transformed.

Constraint Validation Runtime : Time (s): cpu = 00:00:00 ; elapsed = 00:00:00.006 . Memory (MB): peak = 1444.664 ; gain = 0.000
INFO: [Designutils 20-5440] No compile time benefit to using incremental synthesis; A full resynthesis will be run
INFO: [Designutils 20-4379] Flow is switching to default flow due to incremental criteria not met. If you would like to alter this behaviour and have the flow terminate instead, please set the following parameter config_implementation {autoIncr.Synth.RejectBehavior Terminate}
---------------------------------------------------------------------------------
Finished Constraint Validation : Time (s): cpu = 00:00:15 ; elapsed = 00:00:17 . Memory (MB): peak = 1444.664 ; gain = 545.922
---------------------------------------------------------------------------------
---------------------------------------------------------------------------------
Start Loading Part and Timing Information
---------------------------------------------------------------------------------
Loading part: xc7a100tcsg324-1
---------------------------------------------------------------------------------
Finished Loading Part and Timing Information : Time (s): cpu = 00:00:15 ; elapsed = 00:00:17 . Memory (MB): peak = 1444.664 ; gain = 545.922
---------------------------------------------------------------------------------
---------------------------------------------------------------------------------
Start Applying 'set_property' XDC Constraints
---------------------------------------------------------------------------------
---------------------------------------------------------------------------------
Finished applying 'set_property' XDC Constraints : Time (s): cpu = 00:00:15 ; elapsed = 00:00:17 . Memory (MB): peak = 1444.664 ; gain = 545.922
---------------------------------------------------------------------------------
---------------------------------------------------------------------------------
Finished RTL Optimization Phase 2 : Time (s): cpu = 00:00:15 ; elapsed = 00:00:17 . Memory (MB): peak = 1444.664 ; gain = 545.922
---------------------------------------------------------------------------------
---------------------------------------------------------------------------------
Start RTL Component Statistics 
---------------------------------------------------------------------------------
Detailed RTL Component Info : 
---------------------------------------------------------------------------------
Finished RTL Component Statistics 
---------------------------------------------------------------------------------
---------------------------------------------------------------------------------
Start Part Resource Summary
---------------------------------------------------------------------------------
Part Resources:
DSPs: 240 (col length:80)
BRAMs: 270 (col length: RAMB18 80 RAMB36 40)
---------------------------------------------------------------------------------
Finished Part Resource Summary
---------------------------------------------------------------------------------
---------------------------------------------------------------------------------
Start Cross Boundary and Area Optimization
---------------------------------------------------------------------------------
WARNING: [Synth 8-7080] Parallel synthesis criteria is not met
---------------------------------------------------------------------------------
Finished Cross Boundary and Area Optimization : Time (s): cpu = 00:00:16 ; elapsed = 00:00:19 . Memory (MB): peak = 1444.664 ; gain = 545.922
---------------------------------------------------------------------------------
---------------------------------------------------------------------------------
Start ROM, RAM, DSP, Shift Register and Retiming Reporting
---------------------------------------------------------------------------------

ROM: Preliminary Mapping Report
+------------+------------+---------------+----------------+
|Module Name | RTL Object | Depth x Width | Implemented As | 
+------------+------------+---------------+----------------+
|ROM         | rom        | 16x8          | LUT            | 
|S_onboard   | p_0_out    | 16x8          | LUT            | 
+------------+------------+---------------+----------------+

---------------------------------------------------------------------------------
Finished ROM, RAM, DSP, Shift Register and Retiming Reporting
---------------------------------------------------------------------------------
---------------------------------------------------------------------------------
Start Applying XDC Timing Constraints
---------------------------------------------------------------------------------
---------------------------------------------------------------------------------
Finished Applying XDC Timing Constraints : Time (s): cpu = 00:00:22 ; elapsed = 00:00:25 . Memory (MB): peak = 1444.664 ; gain = 545.922
---------------------------------------------------------------------------------
---------------------------------------------------------------------------------
Start Timing Optimization
---------------------------------------------------------------------------------
---------------------------------------------------------------------------------
Finished Timing Optimization : Time (s): cpu = 00:00:22 ; elapsed = 00:00:25 . Memory (MB): peak = 1444.664 ; gain = 545.922
---------------------------------------------------------------------------------
---------------------------------------------------------------------------------
Start Technology Mapping
---------------------------------------------------------------------------------
---------------------------------------------------------------------------------
Finished Technology Mapping : Time (s): cpu = 00:00:22 ; elapsed = 00:00:25 . Memory (MB): peak = 1444.664 ; gain = 545.922
---------------------------------------------------------------------------------
---------------------------------------------------------------------------------
Start IO Insertion
---------------------------------------------------------------------------------
---------------------------------------------------------------------------------
Start Flattening Before IO Insertion
---------------------------------------------------------------------------------
---------------------------------------------------------------------------------
Finished Flattening Before IO Insertion
---------------------------------------------------------------------------------
---------------------------------------------------------------------------------
Start Final Netlist Cleanup
---------------------------------------------------------------------------------
---------------------------------------------------------------------------------
Finished Final Netlist Cleanup
---------------------------------------------------------------------------------
---------------------------------------------------------------------------------
Finished IO Insertion : Time (s): cpu = 00:00:26 ; elapsed = 00:00:29 . Memory (MB): peak = 1444.664 ; gain = 545.922
---------------------------------------------------------------------------------
---------------------------------------------------------------------------------
Start Renaming Generated Instances
---------------------------------------------------------------------------------
---------------------------------------------------------------------------------
Finished Renaming Generated Instances : Time (s): cpu = 00:00:26 ; elapsed = 00:00:29 . Memory (MB): peak = 1444.664 ; gain = 545.922
---------------------------------------------------------------------------------
---------------------------------------------------------------------------------
Start Rebuilding User Hierarchy
---------------------------------------------------------------------------------
---------------------------------------------------------------------------------
Finished Rebuilding User Hierarchy : Time (s): cpu = 00:00:26 ; elapsed = 00:00:29 . Memory (MB): peak = 1444.664 ; gain = 545.922
---------------------------------------------------------------------------------
---------------------------------------------------------------------------------
Start Renaming Generated Ports
---------------------------------------------------------------------------------
---------------------------------------------------------------------------------
Finished Renaming Generated Ports : Time (s): cpu = 00:00:26 ; elapsed = 00:00:29 . Memory (MB): peak = 1444.664 ; gain = 545.922
---------------------------------------------------------------------------------
---------------------------------------------------------------------------------
Start Handling Custom Attributes
---------------------------------------------------------------------------------
---------------------------------------------------------------------------------
Finished Handling Custom Attributes : Time (s): cpu = 00:00:26 ; elapsed = 00:00:29 . Memory (MB): peak = 1444.664 ; gain = 545.922
---------------------------------------------------------------------------------
---------------------------------------------------------------------------------
Start Renaming Generated Nets
---------------------------------------------------------------------------------
---------------------------------------------------------------------------------
Finished Renaming Generated Nets : Time (s): cpu = 00:00:26 ; elapsed = 00:00:29 . Memory (MB): peak = 1444.664 ; gain = 545.922
---------------------------------------------------------------------------------
---------------------------------------------------------------------------------
Start Writing Synthesis Report
---------------------------------------------------------------------------------

Report BlackBoxes: 
+-+--------------+----------+
| |BlackBox name |Instances |
+-+--------------+----------+
+-+--------------+----------+

Report Cell Usage: 
+------+-----+------+
|      |Cell |Count |
+------+-----+------+
|1     |LUT3 |     4|
|2     |IBUF |     3|
|3     |OBUF |     4|
+------+-----+------+
---------------------------------------------------------------------------------
Finished Writing Synthesis Report : Time (s): cpu = 00:00:26 ; elapsed = 00:00:29 . Memory (MB): peak = 1444.664 ; gain = 545.922
---------------------------------------------------------------------------------
Synthesis finished with 0 errors, 0 critical warnings and 1 warnings.
Synthesis Optimization Runtime : Time (s): cpu = 00:00:18 ; elapsed = 00:00:27 . Memory (MB): peak = 1444.664 ; gain = 501.891
Synthesis Optimization Complete : Time (s): cpu = 00:00:26 ; elapsed = 00:00:29 . Memory (MB): peak = 1444.664 ; gain = 545.922
INFO: [Project 1-571] Translating synthesized netlist
Netlist sorting complete. Time (s): cpu = 00:00:00 ; elapsed = 00:00:00 . Memory (MB): peak = 1444.664 ; gain = 0.000
INFO: [Project 1-570] Preparing netlist for logic optimization
INFO: [Opt 31-138] Pushed 0 inverter(s) to 0 load pin(s).
Netlist sorting complete. Time (s): cpu = 00:00:00 ; elapsed = 00:00:00.001 . Memory (MB): peak = 1447.055 ; gain = 0.000
INFO: [Project 1-111] Unisim Transformation Summary:
No Unisim elements were transformed.

Synth Design complete | Checksum: 80f4c8db
INFO: [Common 17-83] Releasing license: Synthesis
30 Infos, 1 Warnings, 0 Critical Warnings and 0 Errors encountered.
synth_design completed successfully
synth_design: Time (s): cpu = 00:00:31 ; elapsed = 00:00:36 . Memory (MB): peak = 1447.055 ; gain = 945.012
INFO: [Common 17-1381] The checkpoint 'C:/Xilinx/Projects/2_2_ROM_M_BOARD/2_2_ROM_M_BOARD.runs/synth_1/S_onboard.dcp' has been generated.
INFO: [runtcl-4] Executing : report_utilization -file S_onboard_utilization_synth.rpt -pb S_onboard_utilization_synth.pb
INFO: [Common 17-206] Exiting Vivado at Sun Feb  9 18:38:15 2025...
