Vivado Simulator v2023.1
Copyright 1986-2022 Xilinx, Inc. All Rights Reserved.
Copyright 2022-2023 Advanced Micro Devices, Inc. All Rights Reserved.
Running: C:/Xilinx/Vivado/2023.1/bin/unwrapped/win64.o/xelab.exe --incr --debug typical --relax --mt 2 -L xil_defaultlib -L secureip --snapshot rom_m_mem_onboard_behav xil_defaultlib.rom_m_mem_onboard -log elaborate.log 
Using 2 slave threads.
Starting static elaboration
Completed static elaboration
Starting simulation data flow analysis
Completed simulation data flow analysis
Time Resolution for simulation is 1ps
Compiling package std.standard
Compiling package std.textio
Compiling package ieee.std_logic_1164
Compiling package ieee.math_real
Compiling package ieee.numeric_std
Compiling architecture behavioral of entity xil_defaultlib.clock_divider [\clock_divider(clock_frequency_o...]
Compiling architecture behavioral of entity xil_defaultlib.control_unit [control_unit_default]
Compiling architecture behavioral of entity xil_defaultlib.ROM_N [rom_n_default]
Compiling architecture dataflow of entity xil_defaultlib.M [m_default]
Compiling architecture behavioral of entity xil_defaultlib.MEM_N [mem_n_default]
Compiling architecture behavioral of entity xil_defaultlib.counter [\counter(max_count=8)\]
Compiling architecture structural of entity xil_defaultlib.rom_m_mem [rom_m_mem_default]
Compiling architecture structural of entity xil_defaultlib.rom_m_mem_onboard
Built simulation snapshot rom_m_mem_onboard_behav
