
*** Running vivado
    with args -log booth_multiplier_onboard.vds -m64 -product Vivado -mode batch -messageDb vivado.pb -notrace -source booth_multiplier_onboard.tcl


ECHO disattivato.
ECHO disattivato.

****** Vivado v2023.1 (64-bit)
  **** SW Build 3865809 on Sun May  7 15:05:29 MDT 2023
  **** IP Build 3864474 on Sun May  7 20:36:21 MDT 2023
  **** SharedData Build 3865790 on Sun May 07 13:33:03 MDT 2023
    ** Copyright 1986-2022 Xilinx, Inc. All Rights Reserved.
    ** Copyright 2022-2023 Advanced Micro Devices, Inc. All Rights Reserved.

source booth_multiplier_onboard.tcl -notrace
create_project: Time (s): cpu = 00:00:10 ; elapsed = 00:00:12 . Memory (MB): peak = 480.668 ; gain = 216.422
Command: read_checkpoint -auto_incremental -incremental C:/Xilinx/Projects/7_2_BOOTH_MULTIPLIER_BOARD/7_2_BOOTH_MULTIPLIER_BOARD.srcs/utils_1/imports/synth_1/booth_multiplier_onboard.dcp
INFO: [Vivado 12-5825] Read reference checkpoint from C:/Xilinx/Projects/7_2_BOOTH_MULTIPLIER_BOARD/7_2_BOOTH_MULTIPLIER_BOARD.srcs/utils_1/imports/synth_1/booth_multiplier_onboard.dcp for incremental synthesis
INFO: [Vivado 12-7989] Please ensure there are no constraint changes
Command: synth_design -top booth_multiplier_onboard -part xc7a100tcsg324-1
Starting synth_design
Attempting to get a license for feature 'Synthesis' and/or device 'xc7a100t'
INFO: [Common 17-349] Got license for feature 'Synthesis' and/or device 'xc7a100t'
INFO: [Device 21-403] Loading part xc7a100tcsg324-1
INFO: [Designutils 20-5440] No compile time benefit to using incremental synthesis; A full resynthesis will be run
INFO: [Designutils 20-4379] Flow is switching to default flow due to incremental criteria not met. If you would like to alter this behaviour and have the flow terminate instead, please set the following parameter config_implementation {autoIncr.Synth.RejectBehavior Terminate}
INFO: [Synth 8-7079] Multithreading enabled for synth_design using a maximum of 2 processes.
INFO: [Synth 8-7078] Launching helper process for spawning children vivado processes
INFO: [Synth 8-7075] Helper process launched with PID 17196
---------------------------------------------------------------------------------
Starting RTL Elaboration : Time (s): cpu = 00:00:05 ; elapsed = 00:00:07 . Memory (MB): peak = 1310.602 ; gain = 411.266
---------------------------------------------------------------------------------
INFO: [Synth 8-638] synthesizing module 'booth_multiplier_onboard' [C:/Xilinx/Projects/7_2_BOOTH_MULTIPLIER_BOARD/7_2_BOOTH_MULTIPLIER_BOARD.srcs/sources_1/new/booth_multiplier_onboard.vhd:26]
INFO: [Synth 8-3491] module 'button_debouncer' declared at 'C:/Xilinx/Projects/7_2_BOOTH_MULTIPLIER_BOARD/7_2_BOOTH_MULTIPLIER_BOARD.srcs/sources_1/imports/new/button_debouncer.vhd:6' bound to instance 'start_button' of component 'button_debouncer' [C:/Xilinx/Projects/7_2_BOOTH_MULTIPLIER_BOARD/7_2_BOOTH_MULTIPLIER_BOARD.srcs/sources_1/new/booth_multiplier_onboard.vhd:74]
INFO: [Synth 8-638] synthesizing module 'button_debouncer' [C:/Xilinx/Projects/7_2_BOOTH_MULTIPLIER_BOARD/7_2_BOOTH_MULTIPLIER_BOARD.srcs/sources_1/imports/new/button_debouncer.vhd:19]
	Parameter clock_period bound to: 10 - type: integer 
	Parameter noise_time bound to: 10000000 - type: integer 
INFO: [Synth 8-226] default block is never used [C:/Xilinx/Projects/7_2_BOOTH_MULTIPLIER_BOARD/7_2_BOOTH_MULTIPLIER_BOARD.srcs/sources_1/imports/new/button_debouncer.vhd:35]
INFO: [Synth 8-256] done synthesizing module 'button_debouncer' (0#1) [C:/Xilinx/Projects/7_2_BOOTH_MULTIPLIER_BOARD/7_2_BOOTH_MULTIPLIER_BOARD.srcs/sources_1/imports/new/button_debouncer.vhd:19]
INFO: [Synth 8-3491] module 'booth_multiplier' declared at 'C:/Xilinx/Projects/7_2_BOOTH_MULTIPLIER_BOARD/7_2_BOOTH_MULTIPLIER_BOARD.srcs/sources_1/imports/sources_1/new/booth_multiplier.vhd:6' bound to instance 'booth_mult' of component 'booth_multiplier' [C:/Xilinx/Projects/7_2_BOOTH_MULTIPLIER_BOARD/7_2_BOOTH_MULTIPLIER_BOARD.srcs/sources_1/new/booth_multiplier_onboard.vhd:82]
INFO: [Synth 8-638] synthesizing module 'booth_multiplier' [C:/Xilinx/Projects/7_2_BOOTH_MULTIPLIER_BOARD/7_2_BOOTH_MULTIPLIER_BOARD.srcs/sources_1/imports/sources_1/new/booth_multiplier.vhd:18]
INFO: [Synth 8-3491] module 'register_8' declared at 'C:/Xilinx/Projects/7_2_BOOTH_MULTIPLIER_BOARD/7_2_BOOTH_MULTIPLIER_BOARD.srcs/sources_1/imports/sources_1/new/register_8.vhd:5' bound to instance 'reg_8' of component 'register_8' [C:/Xilinx/Projects/7_2_BOOTH_MULTIPLIER_BOARD/7_2_BOOTH_MULTIPLIER_BOARD.srcs/sources_1/imports/sources_1/new/booth_multiplier.vhd:105]
INFO: [Synth 8-638] synthesizing module 'register_8' [C:/Xilinx/Projects/7_2_BOOTH_MULTIPLIER_BOARD/7_2_BOOTH_MULTIPLIER_BOARD.srcs/sources_1/imports/sources_1/new/register_8.vhd:15]
INFO: [Synth 8-256] done synthesizing module 'register_8' (0#1) [C:/Xilinx/Projects/7_2_BOOTH_MULTIPLIER_BOARD/7_2_BOOTH_MULTIPLIER_BOARD.srcs/sources_1/imports/sources_1/new/register_8.vhd:15]
INFO: [Synth 8-3491] module 'shiftregister' declared at 'C:/Xilinx/Projects/7_2_BOOTH_MULTIPLIER_BOARD/7_2_BOOTH_MULTIPLIER_BOARD.srcs/sources_1/imports/sources_1/new/shiftregister.vhd:5' bound to instance 'shift_reg' of component 'shiftregister' [C:/Xilinx/Projects/7_2_BOOTH_MULTIPLIER_BOARD/7_2_BOOTH_MULTIPLIER_BOARD.srcs/sources_1/imports/sources_1/new/booth_multiplier.vhd:114]
INFO: [Synth 8-638] synthesizing module 'shiftregister' [C:/Xilinx/Projects/7_2_BOOTH_MULTIPLIER_BOARD/7_2_BOOTH_MULTIPLIER_BOARD.srcs/sources_1/imports/sources_1/new/shiftregister.vhd:17]
INFO: [Synth 8-256] done synthesizing module 'shiftregister' (0#1) [C:/Xilinx/Projects/7_2_BOOTH_MULTIPLIER_BOARD/7_2_BOOTH_MULTIPLIER_BOARD.srcs/sources_1/imports/sources_1/new/shiftregister.vhd:17]
INFO: [Synth 8-3491] module 'adder_subtractor' declared at 'C:/Xilinx/Projects/7_2_BOOTH_MULTIPLIER_BOARD/7_2_BOOTH_MULTIPLIER_BOARD.srcs/sources_1/imports/sources_1/new/adder_subtractor.vhd:5' bound to instance 'add_sub' of component 'adder_subtractor' [C:/Xilinx/Projects/7_2_BOOTH_MULTIPLIER_BOARD/7_2_BOOTH_MULTIPLIER_BOARD.srcs/sources_1/imports/sources_1/new/booth_multiplier.vhd:125]
INFO: [Synth 8-638] synthesizing module 'adder_subtractor' [C:/Xilinx/Projects/7_2_BOOTH_MULTIPLIER_BOARD/7_2_BOOTH_MULTIPLIER_BOARD.srcs/sources_1/imports/sources_1/new/adder_subtractor.vhd:15]
INFO: [Synth 8-3491] module 'ripple_carry_adder_8' declared at 'C:/Xilinx/Projects/7_2_BOOTH_MULTIPLIER_BOARD/7_2_BOOTH_MULTIPLIER_BOARD.srcs/sources_1/imports/sources_1/new/ripple_carry_adder_8.vhd:5' bound to instance 'rca8' of component 'ripple_carry_adder_8' [C:/Xilinx/Projects/7_2_BOOTH_MULTIPLIER_BOARD/7_2_BOOTH_MULTIPLIER_BOARD.srcs/sources_1/imports/sources_1/new/adder_subtractor.vhd:33]
INFO: [Synth 8-638] synthesizing module 'ripple_carry_adder_8' [C:/Xilinx/Projects/7_2_BOOTH_MULTIPLIER_BOARD/7_2_BOOTH_MULTIPLIER_BOARD.srcs/sources_1/imports/sources_1/new/ripple_carry_adder_8.vhd:15]
INFO: [Synth 8-3491] module 'full_adder' declared at 'C:/Xilinx/Projects/7_2_BOOTH_MULTIPLIER_BOARD/7_2_BOOTH_MULTIPLIER_BOARD.srcs/sources_1/imports/sources_1/new/full_adder.vhd:5' bound to instance 'f_adder' of component 'full_adder' [C:/Xilinx/Projects/7_2_BOOTH_MULTIPLIER_BOARD/7_2_BOOTH_MULTIPLIER_BOARD.srcs/sources_1/imports/sources_1/new/ripple_carry_adder_8.vhd:32]
INFO: [Synth 8-638] synthesizing module 'full_adder' [C:/Xilinx/Projects/7_2_BOOTH_MULTIPLIER_BOARD/7_2_BOOTH_MULTIPLIER_BOARD.srcs/sources_1/imports/sources_1/new/full_adder.vhd:15]
INFO: [Synth 8-256] done synthesizing module 'full_adder' (0#1) [C:/Xilinx/Projects/7_2_BOOTH_MULTIPLIER_BOARD/7_2_BOOTH_MULTIPLIER_BOARD.srcs/sources_1/imports/sources_1/new/full_adder.vhd:15]
INFO: [Synth 8-3491] module 'full_adder' declared at 'C:/Xilinx/Projects/7_2_BOOTH_MULTIPLIER_BOARD/7_2_BOOTH_MULTIPLIER_BOARD.srcs/sources_1/imports/sources_1/new/full_adder.vhd:5' bound to instance 'f_adder' of component 'full_adder' [C:/Xilinx/Projects/7_2_BOOTH_MULTIPLIER_BOARD/7_2_BOOTH_MULTIPLIER_BOARD.srcs/sources_1/imports/sources_1/new/ripple_carry_adder_8.vhd:32]
INFO: [Synth 8-3491] module 'full_adder' declared at 'C:/Xilinx/Projects/7_2_BOOTH_MULTIPLIER_BOARD/7_2_BOOTH_MULTIPLIER_BOARD.srcs/sources_1/imports/sources_1/new/full_adder.vhd:5' bound to instance 'f_adder' of component 'full_adder' [C:/Xilinx/Projects/7_2_BOOTH_MULTIPLIER_BOARD/7_2_BOOTH_MULTIPLIER_BOARD.srcs/sources_1/imports/sources_1/new/ripple_carry_adder_8.vhd:32]
INFO: [Synth 8-3491] module 'full_adder' declared at 'C:/Xilinx/Projects/7_2_BOOTH_MULTIPLIER_BOARD/7_2_BOOTH_MULTIPLIER_BOARD.srcs/sources_1/imports/sources_1/new/full_adder.vhd:5' bound to instance 'f_adder' of component 'full_adder' [C:/Xilinx/Projects/7_2_BOOTH_MULTIPLIER_BOARD/7_2_BOOTH_MULTIPLIER_BOARD.srcs/sources_1/imports/sources_1/new/ripple_carry_adder_8.vhd:32]
INFO: [Synth 8-3491] module 'full_adder' declared at 'C:/Xilinx/Projects/7_2_BOOTH_MULTIPLIER_BOARD/7_2_BOOTH_MULTIPLIER_BOARD.srcs/sources_1/imports/sources_1/new/full_adder.vhd:5' bound to instance 'f_adder' of component 'full_adder' [C:/Xilinx/Projects/7_2_BOOTH_MULTIPLIER_BOARD/7_2_BOOTH_MULTIPLIER_BOARD.srcs/sources_1/imports/sources_1/new/ripple_carry_adder_8.vhd:32]
INFO: [Synth 8-3491] module 'full_adder' declared at 'C:/Xilinx/Projects/7_2_BOOTH_MULTIPLIER_BOARD/7_2_BOOTH_MULTIPLIER_BOARD.srcs/sources_1/imports/sources_1/new/full_adder.vhd:5' bound to instance 'f_adder' of component 'full_adder' [C:/Xilinx/Projects/7_2_BOOTH_MULTIPLIER_BOARD/7_2_BOOTH_MULTIPLIER_BOARD.srcs/sources_1/imports/sources_1/new/ripple_carry_adder_8.vhd:32]
INFO: [Synth 8-3491] module 'full_adder' declared at 'C:/Xilinx/Projects/7_2_BOOTH_MULTIPLIER_BOARD/7_2_BOOTH_MULTIPLIER_BOARD.srcs/sources_1/imports/sources_1/new/full_adder.vhd:5' bound to instance 'f_adder' of component 'full_adder' [C:/Xilinx/Projects/7_2_BOOTH_MULTIPLIER_BOARD/7_2_BOOTH_MULTIPLIER_BOARD.srcs/sources_1/imports/sources_1/new/ripple_carry_adder_8.vhd:32]
INFO: [Synth 8-3491] module 'full_adder' declared at 'C:/Xilinx/Projects/7_2_BOOTH_MULTIPLIER_BOARD/7_2_BOOTH_MULTIPLIER_BOARD.srcs/sources_1/imports/sources_1/new/full_adder.vhd:5' bound to instance 'f_adder' of component 'full_adder' [C:/Xilinx/Projects/7_2_BOOTH_MULTIPLIER_BOARD/7_2_BOOTH_MULTIPLIER_BOARD.srcs/sources_1/imports/sources_1/new/ripple_carry_adder_8.vhd:32]
INFO: [Synth 8-256] done synthesizing module 'ripple_carry_adder_8' (0#1) [C:/Xilinx/Projects/7_2_BOOTH_MULTIPLIER_BOARD/7_2_BOOTH_MULTIPLIER_BOARD.srcs/sources_1/imports/sources_1/new/ripple_carry_adder_8.vhd:15]
INFO: [Synth 8-256] done synthesizing module 'adder_subtractor' (0#1) [C:/Xilinx/Projects/7_2_BOOTH_MULTIPLIER_BOARD/7_2_BOOTH_MULTIPLIER_BOARD.srcs/sources_1/imports/sources_1/new/adder_subtractor.vhd:15]
	Parameter max_count bound to: 8 - type: integer 
INFO: [Synth 8-3491] module 'counter' declared at 'C:/Xilinx/Projects/7_2_BOOTH_MULTIPLIER_BOARD/7_2_BOOTH_MULTIPLIER_BOARD.srcs/sources_1/imports/sources_1/imports/new/counter.vhd:7' bound to instance 'counter_8' of component 'counter' [C:/Xilinx/Projects/7_2_BOOTH_MULTIPLIER_BOARD/7_2_BOOTH_MULTIPLIER_BOARD.srcs/sources_1/imports/sources_1/new/booth_multiplier.vhd:134]
INFO: [Synth 8-638] synthesizing module 'counter' [C:/Xilinx/Projects/7_2_BOOTH_MULTIPLIER_BOARD/7_2_BOOTH_MULTIPLIER_BOARD.srcs/sources_1/imports/sources_1/imports/new/counter.vhd:22]
	Parameter max_count bound to: 8 - type: integer 
INFO: [Synth 8-256] done synthesizing module 'counter' (0#1) [C:/Xilinx/Projects/7_2_BOOTH_MULTIPLIER_BOARD/7_2_BOOTH_MULTIPLIER_BOARD.srcs/sources_1/imports/sources_1/imports/new/counter.vhd:22]
INFO: [Synth 8-3491] module 'control_unit' declared at 'C:/Xilinx/Projects/7_2_BOOTH_MULTIPLIER_BOARD/7_2_BOOTH_MULTIPLIER_BOARD.srcs/sources_1/imports/sources_1/new/control_unit.vhd:5' bound to instance 'ctrl_unit' of component 'control_unit' [C:/Xilinx/Projects/7_2_BOOTH_MULTIPLIER_BOARD/7_2_BOOTH_MULTIPLIER_BOARD.srcs/sources_1/imports/sources_1/new/booth_multiplier.vhd:148]
INFO: [Synth 8-638] synthesizing module 'control_unit' [C:/Xilinx/Projects/7_2_BOOTH_MULTIPLIER_BOARD/7_2_BOOTH_MULTIPLIER_BOARD.srcs/sources_1/imports/sources_1/new/control_unit.vhd:23]
INFO: [Synth 8-256] done synthesizing module 'control_unit' (0#1) [C:/Xilinx/Projects/7_2_BOOTH_MULTIPLIER_BOARD/7_2_BOOTH_MULTIPLIER_BOARD.srcs/sources_1/imports/sources_1/new/control_unit.vhd:23]
INFO: [Synth 8-256] done synthesizing module 'booth_multiplier' (0#1) [C:/Xilinx/Projects/7_2_BOOTH_MULTIPLIER_BOARD/7_2_BOOTH_MULTIPLIER_BOARD.srcs/sources_1/imports/sources_1/new/booth_multiplier.vhd:18]
INFO: [Synth 8-3491] module 'seven_segments_display' declared at 'C:/Xilinx/Projects/7_2_BOOTH_MULTIPLIER_BOARD/7_2_BOOTH_MULTIPLIER_BOARD.srcs/sources_1/imports/new/seven_segments_display.vhd:6' bound to instance 'ssd' of component 'seven_segments_display' [C:/Xilinx/Projects/7_2_BOOTH_MULTIPLIER_BOARD/7_2_BOOTH_MULTIPLIER_BOARD.srcs/sources_1/new/booth_multiplier_onboard.vhd:93]
INFO: [Synth 8-638] synthesizing module 'seven_segments_display' [C:/Xilinx/Projects/7_2_BOOTH_MULTIPLIER_BOARD/7_2_BOOTH_MULTIPLIER_BOARD.srcs/sources_1/imports/new/seven_segments_display.vhd:21]
	Parameter clock_frequency_in bound to: 100000000 - type: integer 
	Parameter clock_frequency_out bound to: 500 - type: integer 
	Parameter clock_frequency_in bound to: 100000000 - type: integer 
	Parameter clock_frequency_out bound to: 500 - type: integer 
INFO: [Synth 8-3491] module 'clock_divider' declared at 'C:/Xilinx/Projects/7_2_BOOTH_MULTIPLIER_BOARD/7_2_BOOTH_MULTIPLIER_BOARD.srcs/sources_1/imports/new/clock_divider.vhd:5' bound to instance 'clk_divider' of component 'clock_divider' [C:/Xilinx/Projects/7_2_BOOTH_MULTIPLIER_BOARD/7_2_BOOTH_MULTIPLIER_BOARD.srcs/sources_1/imports/new/seven_segments_display.vhd:77]
INFO: [Synth 8-638] synthesizing module 'clock_divider' [C:/Xilinx/Projects/7_2_BOOTH_MULTIPLIER_BOARD/7_2_BOOTH_MULTIPLIER_BOARD.srcs/sources_1/imports/new/clock_divider.vhd:17]
	Parameter clock_frequency_in bound to: 100000000 - type: integer 
	Parameter clock_frequency_out bound to: 500 - type: integer 
INFO: [Synth 8-256] done synthesizing module 'clock_divider' (0#1) [C:/Xilinx/Projects/7_2_BOOTH_MULTIPLIER_BOARD/7_2_BOOTH_MULTIPLIER_BOARD.srcs/sources_1/imports/new/clock_divider.vhd:17]
	Parameter max_count bound to: 8 - type: integer 
INFO: [Synth 8-3491] module 'counter' declared at 'C:/Xilinx/Projects/7_2_BOOTH_MULTIPLIER_BOARD/7_2_BOOTH_MULTIPLIER_BOARD.srcs/sources_1/imports/sources_1/imports/new/counter.vhd:7' bound to instance 'counter_mod8' of component 'counter' [C:/Xilinx/Projects/7_2_BOOTH_MULTIPLIER_BOARD/7_2_BOOTH_MULTIPLIER_BOARD.srcs/sources_1/imports/new/seven_segments_display.vhd:88]
INFO: [Synth 8-3491] module 'anodes_manager' declared at 'C:/Xilinx/Projects/7_2_BOOTH_MULTIPLIER_BOARD/7_2_BOOTH_MULTIPLIER_BOARD.srcs/sources_1/imports/new/anodes_manager.vhd:5' bound to instance 'anodes_mgr' of component 'anodes_manager' [C:/Xilinx/Projects/7_2_BOOTH_MULTIPLIER_BOARD/7_2_BOOTH_MULTIPLIER_BOARD.srcs/sources_1/imports/new/seven_segments_display.vhd:102]
INFO: [Synth 8-638] synthesizing module 'anodes_manager' [C:/Xilinx/Projects/7_2_BOOTH_MULTIPLIER_BOARD/7_2_BOOTH_MULTIPLIER_BOARD.srcs/sources_1/imports/new/anodes_manager.vhd:13]
INFO: [Synth 8-226] default block is never used [C:/Xilinx/Projects/7_2_BOOTH_MULTIPLIER_BOARD/7_2_BOOTH_MULTIPLIER_BOARD.srcs/sources_1/imports/new/anodes_manager.vhd:21]
INFO: [Synth 8-256] done synthesizing module 'anodes_manager' (0#1) [C:/Xilinx/Projects/7_2_BOOTH_MULTIPLIER_BOARD/7_2_BOOTH_MULTIPLIER_BOARD.srcs/sources_1/imports/new/anodes_manager.vhd:13]
INFO: [Synth 8-3491] module 'cathodes_manager' declared at 'C:/Xilinx/Projects/7_2_BOOTH_MULTIPLIER_BOARD/7_2_BOOTH_MULTIPLIER_BOARD.srcs/sources_1/imports/new/cathodes_manager.vhd:6' bound to instance 'cathodes_mgr' of component 'cathodes_manager' [C:/Xilinx/Projects/7_2_BOOTH_MULTIPLIER_BOARD/7_2_BOOTH_MULTIPLIER_BOARD.srcs/sources_1/imports/new/seven_segments_display.vhd:109]
INFO: [Synth 8-638] synthesizing module 'cathodes_manager' [C:/Xilinx/Projects/7_2_BOOTH_MULTIPLIER_BOARD/7_2_BOOTH_MULTIPLIER_BOARD.srcs/sources_1/imports/new/cathodes_manager.vhd:14]
INFO: [Synth 8-256] done synthesizing module 'cathodes_manager' (0#1) [C:/Xilinx/Projects/7_2_BOOTH_MULTIPLIER_BOARD/7_2_BOOTH_MULTIPLIER_BOARD.srcs/sources_1/imports/new/cathodes_manager.vhd:14]
INFO: [Synth 8-3491] module 'cathodes_input_manager' declared at 'C:/Xilinx/Projects/7_2_BOOTH_MULTIPLIER_BOARD/7_2_BOOTH_MULTIPLIER_BOARD.srcs/sources_1/imports/new/cathodes_input_manager.vhd:6' bound to instance 'cathodes_input_mgr' of component 'cathodes_input_manager' [C:/Xilinx/Projects/7_2_BOOTH_MULTIPLIER_BOARD/7_2_BOOTH_MULTIPLIER_BOARD.srcs/sources_1/imports/new/seven_segments_display.vhd:116]
INFO: [Synth 8-638] synthesizing module 'cathodes_input_manager' [C:/Xilinx/Projects/7_2_BOOTH_MULTIPLIER_BOARD/7_2_BOOTH_MULTIPLIER_BOARD.srcs/sources_1/imports/new/cathodes_input_manager.vhd:14]
WARNING: [Synth 8-614] signal 'value' is read in the process but is not in the sensitivity list [C:/Xilinx/Projects/7_2_BOOTH_MULTIPLIER_BOARD/7_2_BOOTH_MULTIPLIER_BOARD.srcs/sources_1/imports/new/cathodes_input_manager.vhd:19]
INFO: [Synth 8-256] done synthesizing module 'cathodes_input_manager' (0#1) [C:/Xilinx/Projects/7_2_BOOTH_MULTIPLIER_BOARD/7_2_BOOTH_MULTIPLIER_BOARD.srcs/sources_1/imports/new/cathodes_input_manager.vhd:14]
INFO: [Synth 8-256] done synthesizing module 'seven_segments_display' (0#1) [C:/Xilinx/Projects/7_2_BOOTH_MULTIPLIER_BOARD/7_2_BOOTH_MULTIPLIER_BOARD.srcs/sources_1/imports/new/seven_segments_display.vhd:21]
INFO: [Synth 8-256] done synthesizing module 'booth_multiplier_onboard' (0#1) [C:/Xilinx/Projects/7_2_BOOTH_MULTIPLIER_BOARD/7_2_BOOTH_MULTIPLIER_BOARD.srcs/sources_1/new/booth_multiplier_onboard.vhd:26]
---------------------------------------------------------------------------------
Finished RTL Elaboration : Time (s): cpu = 00:00:07 ; elapsed = 00:00:11 . Memory (MB): peak = 1403.699 ; gain = 504.363
---------------------------------------------------------------------------------
---------------------------------------------------------------------------------
Start Handling Custom Attributes
---------------------------------------------------------------------------------
---------------------------------------------------------------------------------
Finished Handling Custom Attributes : Time (s): cpu = 00:00:07 ; elapsed = 00:00:11 . Memory (MB): peak = 1403.699 ; gain = 504.363
---------------------------------------------------------------------------------
---------------------------------------------------------------------------------
Finished RTL Optimization Phase 1 : Time (s): cpu = 00:00:07 ; elapsed = 00:00:11 . Memory (MB): peak = 1403.699 ; gain = 504.363
---------------------------------------------------------------------------------
Netlist sorting complete. Time (s): cpu = 00:00:00 ; elapsed = 00:00:00.005 . Memory (MB): peak = 1403.699 ; gain = 0.000
INFO: [Project 1-570] Preparing netlist for logic optimization

Processing XDC Constraints
Initializing timing engine
Parsing XDC File [C:/Xilinx/Projects/7_2_BOOTH_MULTIPLIER_BOARD/7_2_BOOTH_MULTIPLIER_BOARD.srcs/constrs_1/imports/BoardFiles/Nexys-A7-100T-Master.xdc]
Finished Parsing XDC File [C:/Xilinx/Projects/7_2_BOOTH_MULTIPLIER_BOARD/7_2_BOOTH_MULTIPLIER_BOARD.srcs/constrs_1/imports/BoardFiles/Nexys-A7-100T-Master.xdc]
INFO: [Project 1-236] Implementation specific constraints were found while reading constraint file [C:/Xilinx/Projects/7_2_BOOTH_MULTIPLIER_BOARD/7_2_BOOTH_MULTIPLIER_BOARD.srcs/constrs_1/imports/BoardFiles/Nexys-A7-100T-Master.xdc]. These constraints will be ignored for synthesis but will be used in implementation. Impacted constraints are listed in the file [.Xil/booth_multiplier_onboard_propImpl.xdc].
Resolution: To avoid this warning, move constraints listed in [.Xil/booth_multiplier_onboard_propImpl.xdc] to another XDC file and exclude this new file from synthesis with the used_in_synthesis property (File Properties dialog in GUI) and re-run elaboration/synthesis.
Completed Processing XDC Constraints

Netlist sorting complete. Time (s): cpu = 00:00:00 ; elapsed = 00:00:00 . Memory (MB): peak = 1483.918 ; gain = 0.000
INFO: [Project 1-111] Unisim Transformation Summary:
No Unisim elements were transformed.

Constraint Validation Runtime : Time (s): cpu = 00:00:00 ; elapsed = 00:00:00.014 . Memory (MB): peak = 1483.918 ; gain = 0.000
INFO: [Designutils 20-5440] No compile time benefit to using incremental synthesis; A full resynthesis will be run
INFO: [Designutils 20-4379] Flow is switching to default flow due to incremental criteria not met. If you would like to alter this behaviour and have the flow terminate instead, please set the following parameter config_implementation {autoIncr.Synth.RejectBehavior Terminate}
---------------------------------------------------------------------------------
Finished Constraint Validation : Time (s): cpu = 00:00:14 ; elapsed = 00:00:18 . Memory (MB): peak = 1483.918 ; gain = 584.582
---------------------------------------------------------------------------------
---------------------------------------------------------------------------------
Start Loading Part and Timing Information
---------------------------------------------------------------------------------
Loading part: xc7a100tcsg324-1
---------------------------------------------------------------------------------
Finished Loading Part and Timing Information : Time (s): cpu = 00:00:14 ; elapsed = 00:00:18 . Memory (MB): peak = 1483.918 ; gain = 584.582
---------------------------------------------------------------------------------
---------------------------------------------------------------------------------
Start Applying 'set_property' XDC Constraints
---------------------------------------------------------------------------------
---------------------------------------------------------------------------------
Finished applying 'set_property' XDC Constraints : Time (s): cpu = 00:00:14 ; elapsed = 00:00:18 . Memory (MB): peak = 1483.918 ; gain = 584.582
---------------------------------------------------------------------------------
INFO: [Synth 8-802] inferred FSM for state register 'button_state_reg' in module 'button_debouncer'
INFO: [Synth 8-802] inferred FSM for state register 'current_state_reg' in module 'control_unit'
---------------------------------------------------------------------------------------------------
                   State |                     New Encoding |                Previous Encoding 
---------------------------------------------------------------------------------------------------
             not_pressed |                               00 |                               00
             chk_pressed |                               01 |                               01
                 pressed |                               10 |                               10
         chk_not_pressed |                               11 |                               11
---------------------------------------------------------------------------------------------------
INFO: [Synth 8-3354] encoded FSM with state register 'button_state_reg' using encoding 'sequential' in module 'button_debouncer'
---------------------------------------------------------------------------------------------------
                   State |                     New Encoding |                Previous Encoding 
---------------------------------------------------------------------------------------------------
                    idle |                         00000001 |                              000
           load_operands |                         00000010 |                              001
                    test |                         00000100 |                              011
                    done |                         00001000 |                              111
                   booth |                         00010000 |                              010
                     sum |                         00100000 |                              100
                     sub |                         01000000 |                              101
                   shift |                         10000000 |                              110
---------------------------------------------------------------------------------------------------
INFO: [Synth 8-3354] encoded FSM with state register 'current_state_reg' using encoding 'one-hot' in module 'control_unit'
---------------------------------------------------------------------------------
Finished RTL Optimization Phase 2 : Time (s): cpu = 00:00:14 ; elapsed = 00:00:19 . Memory (MB): peak = 1483.918 ; gain = 584.582
---------------------------------------------------------------------------------
---------------------------------------------------------------------------------
Start RTL Component Statistics 
---------------------------------------------------------------------------------
Detailed RTL Component Info : 
+---Adders : 
	   2 Input   32 Bit       Adders := 2     
	   2 Input   31 Bit       Adders := 2     
	   2 Input   18 Bit       Adders := 1     
	   2 Input    3 Bit       Adders := 2     
+---XORs : 
	   2 Input      1 Bit         XORs := 24    
+---Registers : 
	               32 Bit    Registers := 1     
	               18 Bit    Registers := 1     
	               16 Bit    Registers := 1     
	                8 Bit    Registers := 1     
	                3 Bit    Registers := 2     
	                1 Bit    Registers := 12    
+---Muxes : 
	   2 Input   32 Bit        Muxes := 2     
	   6 Input   32 Bit        Muxes := 1     
	   2 Input   31 Bit        Muxes := 2     
	   2 Input   18 Bit        Muxes := 1     
	   6 Input   18 Bit        Muxes := 2     
	   2 Input   16 Bit        Muxes := 3     
	   2 Input   15 Bit        Muxes := 1     
	   8 Input    8 Bit        Muxes := 2     
	   2 Input    8 Bit        Muxes := 2     
	   3 Input    8 Bit        Muxes := 1     
	   5 Input    4 Bit        Muxes := 1     
	   2 Input    3 Bit        Muxes := 8     
	   4 Input    2 Bit        Muxes := 1     
	   2 Input    2 Bit        Muxes := 6     
	   4 Input    1 Bit        Muxes := 2     
	   2 Input    1 Bit        Muxes := 3     
	   8 Input    1 Bit        Muxes := 1     
---------------------------------------------------------------------------------
Finished RTL Component Statistics 
---------------------------------------------------------------------------------
---------------------------------------------------------------------------------
Start Part Resource Summary
---------------------------------------------------------------------------------
Part Resources:
DSPs: 240 (col length:80)
BRAMs: 270 (col length: RAMB18 80 RAMB36 40)
---------------------------------------------------------------------------------
Finished Part Resource Summary
---------------------------------------------------------------------------------
---------------------------------------------------------------------------------
Start Cross Boundary and Area Optimization
---------------------------------------------------------------------------------
WARNING: [Synth 8-7080] Parallel synthesis criteria is not met
---------------------------------------------------------------------------------
Finished Cross Boundary and Area Optimization : Time (s): cpu = 00:00:19 ; elapsed = 00:00:24 . Memory (MB): peak = 1483.918 ; gain = 584.582
---------------------------------------------------------------------------------
---------------------------------------------------------------------------------
Start Applying XDC Timing Constraints
---------------------------------------------------------------------------------
---------------------------------------------------------------------------------
Finished Applying XDC Timing Constraints : Time (s): cpu = 00:00:24 ; elapsed = 00:00:30 . Memory (MB): peak = 1483.918 ; gain = 584.582
---------------------------------------------------------------------------------
---------------------------------------------------------------------------------
Start Timing Optimization
---------------------------------------------------------------------------------
---------------------------------------------------------------------------------
Finished Timing Optimization : Time (s): cpu = 00:00:29 ; elapsed = 00:00:35 . Memory (MB): peak = 1483.918 ; gain = 584.582
---------------------------------------------------------------------------------
---------------------------------------------------------------------------------
Start Technology Mapping
---------------------------------------------------------------------------------
---------------------------------------------------------------------------------
Finished Technology Mapping : Time (s): cpu = 00:00:30 ; elapsed = 00:00:36 . Memory (MB): peak = 1486.969 ; gain = 587.633
---------------------------------------------------------------------------------
---------------------------------------------------------------------------------
Start IO Insertion
---------------------------------------------------------------------------------
---------------------------------------------------------------------------------
Start Flattening Before IO Insertion
---------------------------------------------------------------------------------
---------------------------------------------------------------------------------
Finished Flattening Before IO Insertion
---------------------------------------------------------------------------------
---------------------------------------------------------------------------------
Start Final Netlist Cleanup
---------------------------------------------------------------------------------
---------------------------------------------------------------------------------
Finished Final Netlist Cleanup
---------------------------------------------------------------------------------
---------------------------------------------------------------------------------
Finished IO Insertion : Time (s): cpu = 00:00:33 ; elapsed = 00:00:39 . Memory (MB): peak = 1486.969 ; gain = 587.633
---------------------------------------------------------------------------------
---------------------------------------------------------------------------------
Start Renaming Generated Instances
---------------------------------------------------------------------------------
---------------------------------------------------------------------------------
Finished Renaming Generated Instances : Time (s): cpu = 00:00:33 ; elapsed = 00:00:39 . Memory (MB): peak = 1486.969 ; gain = 587.633
---------------------------------------------------------------------------------
---------------------------------------------------------------------------------
Start Rebuilding User Hierarchy
---------------------------------------------------------------------------------
---------------------------------------------------------------------------------
Finished Rebuilding User Hierarchy : Time (s): cpu = 00:00:34 ; elapsed = 00:00:40 . Memory (MB): peak = 1486.969 ; gain = 587.633
---------------------------------------------------------------------------------
---------------------------------------------------------------------------------
Start Renaming Generated Ports
---------------------------------------------------------------------------------
---------------------------------------------------------------------------------
Finished Renaming Generated Ports : Time (s): cpu = 00:00:34 ; elapsed = 00:00:40 . Memory (MB): peak = 1486.969 ; gain = 587.633
---------------------------------------------------------------------------------
---------------------------------------------------------------------------------
Start Handling Custom Attributes
---------------------------------------------------------------------------------
---------------------------------------------------------------------------------
Finished Handling Custom Attributes : Time (s): cpu = 00:00:34 ; elapsed = 00:00:40 . Memory (MB): peak = 1486.969 ; gain = 587.633
---------------------------------------------------------------------------------
---------------------------------------------------------------------------------
Start Renaming Generated Nets
---------------------------------------------------------------------------------
---------------------------------------------------------------------------------
Finished Renaming Generated Nets : Time (s): cpu = 00:00:34 ; elapsed = 00:00:40 . Memory (MB): peak = 1486.969 ; gain = 587.633
---------------------------------------------------------------------------------
---------------------------------------------------------------------------------
Start Writing Synthesis Report
---------------------------------------------------------------------------------

Report BlackBoxes: 
+-+--------------+----------+
| |BlackBox name |Instances |
+-+--------------+----------+
+-+--------------+----------+

Report Cell Usage: 
+------+-------+------+
|      |Cell   |Count |
+------+-------+------+
|1     |BUFG   |     1|
|2     |CARRY4 |   197|
|3     |LUT1   |    37|
|4     |LUT2   |   280|
|5     |LUT3   |   141|
|6     |LUT4   |   133|
|7     |LUT5   |   288|
|8     |LUT6   |   108|
|9     |FDRE   |   109|
|10    |FDSE   |     1|
|11    |IBUF   |    19|
|12    |OBUF   |    17|
+------+-------+------+
---------------------------------------------------------------------------------
Finished Writing Synthesis Report : Time (s): cpu = 00:00:34 ; elapsed = 00:00:40 . Memory (MB): peak = 1486.969 ; gain = 587.633
---------------------------------------------------------------------------------
Synthesis finished with 0 errors, 0 critical warnings and 1 warnings.
Synthesis Optimization Runtime : Time (s): cpu = 00:00:25 ; elapsed = 00:00:37 . Memory (MB): peak = 1486.969 ; gain = 507.414
Synthesis Optimization Complete : Time (s): cpu = 00:00:34 ; elapsed = 00:00:40 . Memory (MB): peak = 1486.969 ; gain = 587.633
INFO: [Project 1-571] Translating synthesized netlist
Netlist sorting complete. Time (s): cpu = 00:00:00 ; elapsed = 00:00:00.022 . Memory (MB): peak = 1489.742 ; gain = 0.000
INFO: [Netlist 29-17] Analyzing 197 Unisim elements for replacement
INFO: [Netlist 29-28] Unisim Transformation completed in 0 CPU seconds
INFO: [Project 1-570] Preparing netlist for logic optimization
INFO: [Opt 31-138] Pushed 0 inverter(s) to 0 load pin(s).
Netlist sorting complete. Time (s): cpu = 00:00:00 ; elapsed = 00:00:00.001 . Memory (MB): peak = 1493.402 ; gain = 0.000
INFO: [Project 1-111] Unisim Transformation Summary:
No Unisim elements were transformed.

Synth Design complete | Checksum: cd0028e8
INFO: [Common 17-83] Releasing license: Synthesis
79 Infos, 2 Warnings, 0 Critical Warnings and 0 Errors encountered.
synth_design completed successfully
synth_design: Time (s): cpu = 00:00:39 ; elapsed = 00:00:47 . Memory (MB): peak = 1493.402 ; gain = 988.863
INFO: [Common 17-1381] The checkpoint 'C:/Xilinx/Projects/7_2_BOOTH_MULTIPLIER_BOARD/7_2_BOOTH_MULTIPLIER_BOARD.runs/synth_1/booth_multiplier_onboard.dcp' has been generated.
INFO: [runtcl-4] Executing : report_utilization -file booth_multiplier_onboard_utilization_synth.rpt -pb booth_multiplier_onboard_utilization_synth.pb
INFO: [Common 17-206] Exiting Vivado at Sun Mar 23 16:26:13 2025...
