INFO: [VRFC 10-163] Analyzing VHDL file "C:/Xilinx/Projects/8_1_HANDSHAKING/8_1_HANDSHAKING.srcs/sources_1/new/MEM_N_M.vhd" into library xil_defaultlib
INFO: [VRFC 10-3107] analyzing entity 'MEM_N_M'
INFO: [VRFC 10-163] Analyzing VHDL file "C:/Xilinx/Projects/8_1_HANDSHAKING/8_1_HANDSHAKING.srcs/sources_1/new/ROM_N_M.vhd" into library xil_defaultlib
INFO: [VRFC 10-3107] analyzing entity 'ROM_N_M'
INFO: [VRFC 10-163] Analyzing VHDL file "C:/Xilinx/Projects/8_1_HANDSHAKING/8_1_HANDSHAKING.srcs/sources_1/new/adder.vhd" into library xil_defaultlib
INFO: [VRFC 10-3107] analyzing entity 'adder'
INFO: [VRFC 10-163] Analyzing VHDL file "C:/Xilinx/Projects/8_1_HANDSHAKING/8_1_HANDSHAKING.srcs/sources_1/new/control_unit_A.vhd" into library xil_defaultlib
INFO: [VRFC 10-3107] analyzing entity 'control_unit_A'
INFO: [VRFC 10-163] Analyzing VHDL file "C:/Xilinx/Projects/8_1_HANDSHAKING/8_1_HANDSHAKING.srcs/sources_1/new/control_unit_B.vhd" into library xil_defaultlib
INFO: [VRFC 10-3107] analyzing entity 'control_unit_B'
INFO: [VRFC 10-163] Analyzing VHDL file "C:/Xilinx/Projects/8_1_HANDSHAKING/8_1_HANDSHAKING.srcs/sources_1/imports/sources_1/imports/new/counter.vhd" into library xil_defaultlib
INFO: [VRFC 10-3107] analyzing entity 'counter'
INFO: [VRFC 10-163] Analyzing VHDL file "C:/Xilinx/Projects/8_1_HANDSHAKING/8_1_HANDSHAKING.srcs/sources_1/new/register_M.vhd" into library xil_defaultlib
INFO: [VRFC 10-3107] analyzing entity 'register_M'
INFO: [VRFC 10-163] Analyzing VHDL file "C:/Xilinx/Projects/8_1_HANDSHAKING/8_1_HANDSHAKING.srcs/sources_1/new/system_A.vhd" into library xil_defaultlib
INFO: [VRFC 10-3107] analyzing entity 'system_A'
INFO: [VRFC 10-163] Analyzing VHDL file "C:/Xilinx/Projects/8_1_HANDSHAKING/8_1_HANDSHAKING.srcs/sources_1/new/system_B.vhd" into library xil_defaultlib
INFO: [VRFC 10-3107] analyzing entity 'system_B'
INFO: [VRFC 10-163] Analyzing VHDL file "C:/Xilinx/Projects/8_1_HANDSHAKING/8_1_HANDSHAKING.srcs/sim_1/new/handshaking_tb.vhd" into library xil_defaultlib
INFO: [VRFC 10-3107] analyzing entity 'handshaking_tb'
