
*** Running vivado
    with args -log rom_m_mem_onboard.vds -m64 -product Vivado -mode batch -messageDb vivado.pb -notrace -source rom_m_mem_onboard.tcl


ECHO disattivato.
ECHO disattivato.

****** Vivado v2023.1 (64-bit)
  **** SW Build 3865809 on Sun May  7 15:05:29 MDT 2023
  **** IP Build 3864474 on Sun May  7 20:36:21 MDT 2023
  **** SharedData Build 3865790 on Sun May 07 13:33:03 MDT 2023
    ** Copyright 1986-2022 Xilinx, Inc. All Rights Reserved.
    ** Copyright 2022-2023 Advanced Micro Devices, Inc. All Rights Reserved.

source rom_m_mem_onboard.tcl -notrace
create_project: Time (s): cpu = 00:00:11 ; elapsed = 00:00:15 . Memory (MB): peak = 480.730 ; gain = 218.855
Command: read_checkpoint -auto_incremental -incremental C:/Xilinx/Projects/6_2_ROM_M_MEM_BOARD/6_2_ROM_M_MEM_BOARD.srcs/utils_1/imports/synth_1/rom_m_mem_onboard.dcp
INFO: [Vivado 12-5825] Read reference checkpoint from C:/Xilinx/Projects/6_2_ROM_M_MEM_BOARD/6_2_ROM_M_MEM_BOARD.srcs/utils_1/imports/synth_1/rom_m_mem_onboard.dcp for incremental synthesis
INFO: [Vivado 12-7989] Please ensure there are no constraint changes
Command: synth_design -top rom_m_mem_onboard -part xc7a100tcsg324-1
Starting synth_design
Attempting to get a license for feature 'Synthesis' and/or device 'xc7a100t'
INFO: [Common 17-349] Got license for feature 'Synthesis' and/or device 'xc7a100t'
INFO: [Device 21-403] Loading part xc7a100tcsg324-1
INFO: [Designutils 20-5440] No compile time benefit to using incremental synthesis; A full resynthesis will be run
INFO: [Designutils 20-4379] Flow is switching to default flow due to incremental criteria not met. If you would like to alter this behaviour and have the flow terminate instead, please set the following parameter config_implementation {autoIncr.Synth.RejectBehavior Terminate}
INFO: [Synth 8-7079] Multithreading enabled for synth_design using a maximum of 2 processes.
INFO: [Synth 8-7078] Launching helper process for spawning children vivado processes
INFO: [Synth 8-7075] Helper process launched with PID 16748
---------------------------------------------------------------------------------
Starting RTL Elaboration : Time (s): cpu = 00:00:05 ; elapsed = 00:00:07 . Memory (MB): peak = 1310.184 ; gain = 411.555
---------------------------------------------------------------------------------
INFO: [Synth 8-638] synthesizing module 'rom_m_mem_onboard' [C:/Xilinx/Projects/6_2_ROM_M_MEM_BOARD/6_2_ROM_M_MEM_BOARD.srcs/sources_1/new/rom_m_mem_onboard.vhd:14]
	Parameter clock_frequency_out bound to: 1 - type: integer 
INFO: [Synth 8-3491] module 'clock_divider' declared at 'C:/Xilinx/Projects/6_2_ROM_M_MEM_BOARD/6_2_ROM_M_MEM_BOARD.srcs/sources_1/imports/new/clock_divider.vhd:5' bound to instance 'clk_divider' of component 'clock_divider' [C:/Xilinx/Projects/6_2_ROM_M_MEM_BOARD/6_2_ROM_M_MEM_BOARD.srcs/sources_1/new/rom_m_mem_onboard.vhd:43]
INFO: [Synth 8-638] synthesizing module 'clock_divider' [C:/Xilinx/Projects/6_2_ROM_M_MEM_BOARD/6_2_ROM_M_MEM_BOARD.srcs/sources_1/imports/new/clock_divider.vhd:17]
	Parameter clock_frequency_in bound to: 100000000 - type: integer 
	Parameter clock_frequency_out bound to: 1 - type: integer 
INFO: [Synth 8-256] done synthesizing module 'clock_divider' (0#1) [C:/Xilinx/Projects/6_2_ROM_M_MEM_BOARD/6_2_ROM_M_MEM_BOARD.srcs/sources_1/imports/new/clock_divider.vhd:17]
INFO: [Synth 8-3491] module 'rom_m_mem' declared at 'C:/Xilinx/Projects/6_2_ROM_M_MEM_BOARD/6_2_ROM_M_MEM_BOARD.srcs/sources_1/imports/sources_1/new/rom_m_mem.vhd:6' bound to instance 'rom_m_mem_inst' of component 'rom_m_mem' [C:/Xilinx/Projects/6_2_ROM_M_MEM_BOARD/6_2_ROM_M_MEM_BOARD.srcs/sources_1/new/rom_m_mem_onboard.vhd:53]
INFO: [Synth 8-638] synthesizing module 'rom_m_mem' [C:/Xilinx/Projects/6_2_ROM_M_MEM_BOARD/6_2_ROM_M_MEM_BOARD.srcs/sources_1/imports/sources_1/new/rom_m_mem.vhd:18]
	Parameter N bound to: 8 - type: integer 
INFO: [Synth 8-3491] module 'control_unit' declared at 'C:/Xilinx/Projects/6_2_ROM_M_MEM_BOARD/6_2_ROM_M_MEM_BOARD.srcs/sources_1/imports/sources_1/new/control_unit.vhd:5' bound to instance 'ctrl_unit' of component 'control_unit' [C:/Xilinx/Projects/6_2_ROM_M_MEM_BOARD/6_2_ROM_M_MEM_BOARD.srcs/sources_1/imports/sources_1/new/rom_m_mem.vhd:89]
INFO: [Synth 8-638] synthesizing module 'control_unit' [C:/Xilinx/Projects/6_2_ROM_M_MEM_BOARD/6_2_ROM_M_MEM_BOARD.srcs/sources_1/imports/sources_1/new/control_unit.vhd:18]
INFO: [Synth 8-256] done synthesizing module 'control_unit' (0#1) [C:/Xilinx/Projects/6_2_ROM_M_MEM_BOARD/6_2_ROM_M_MEM_BOARD.srcs/sources_1/imports/sources_1/new/control_unit.vhd:18]
	Parameter N bound to: 8 - type: integer 
INFO: [Synth 8-3491] module 'ROM_N' declared at 'C:/Xilinx/Projects/6_2_ROM_M_MEM_BOARD/6_2_ROM_M_MEM_BOARD.srcs/sources_1/imports/sources_1/new/ROM_N.vhd:7' bound to instance 'rom' of component 'ROM_N' [C:/Xilinx/Projects/6_2_ROM_M_MEM_BOARD/6_2_ROM_M_MEM_BOARD.srcs/sources_1/imports/sources_1/new/rom_m_mem.vhd:101]
INFO: [Synth 8-638] synthesizing module 'ROM_N' [C:/Xilinx/Projects/6_2_ROM_M_MEM_BOARD/6_2_ROM_M_MEM_BOARD.srcs/sources_1/imports/sources_1/new/ROM_N.vhd:19]
	Parameter N bound to: 8 - type: integer 
INFO: [Synth 8-256] done synthesizing module 'ROM_N' (0#1) [C:/Xilinx/Projects/6_2_ROM_M_MEM_BOARD/6_2_ROM_M_MEM_BOARD.srcs/sources_1/imports/sources_1/new/ROM_N.vhd:19]
INFO: [Synth 8-3491] module 'M' declared at 'C:/Xilinx/Projects/6_2_ROM_M_MEM_BOARD/6_2_ROM_M_MEM_BOARD.srcs/sources_1/imports/sources_1/new/M.vhd:5' bound to instance 'm_comb' of component 'M' [C:/Xilinx/Projects/6_2_ROM_M_MEM_BOARD/6_2_ROM_M_MEM_BOARD.srcs/sources_1/imports/sources_1/new/rom_m_mem.vhd:112]
INFO: [Synth 8-638] synthesizing module 'M' [C:/Xilinx/Projects/6_2_ROM_M_MEM_BOARD/6_2_ROM_M_MEM_BOARD.srcs/sources_1/imports/sources_1/new/M.vhd:12]
INFO: [Synth 8-256] done synthesizing module 'M' (0#1) [C:/Xilinx/Projects/6_2_ROM_M_MEM_BOARD/6_2_ROM_M_MEM_BOARD.srcs/sources_1/imports/sources_1/new/M.vhd:12]
	Parameter N bound to: 8 - type: integer 
INFO: [Synth 8-3491] module 'MEM_N' declared at 'C:/Xilinx/Projects/6_2_ROM_M_MEM_BOARD/6_2_ROM_M_MEM_BOARD.srcs/sources_1/imports/sources_1/new/MEM_N.vhd:7' bound to instance 'mem' of component 'MEM_N' [C:/Xilinx/Projects/6_2_ROM_M_MEM_BOARD/6_2_ROM_M_MEM_BOARD.srcs/sources_1/imports/sources_1/new/rom_m_mem.vhd:118]
INFO: [Synth 8-638] synthesizing module 'MEM_N' [C:/Xilinx/Projects/6_2_ROM_M_MEM_BOARD/6_2_ROM_M_MEM_BOARD.srcs/sources_1/imports/sources_1/new/MEM_N.vhd:19]
	Parameter N bound to: 8 - type: integer 
INFO: [Synth 8-256] done synthesizing module 'MEM_N' (0#1) [C:/Xilinx/Projects/6_2_ROM_M_MEM_BOARD/6_2_ROM_M_MEM_BOARD.srcs/sources_1/imports/sources_1/new/MEM_N.vhd:19]
	Parameter max_count bound to: 8 - type: integer 
INFO: [Synth 8-3491] module 'counter' declared at 'C:/Xilinx/Projects/6_2_ROM_M_MEM_BOARD/6_2_ROM_M_MEM_BOARD.srcs/sources_1/imports/sources_1/imports/new/counter.vhd:7' bound to instance 'count' of component 'counter' [C:/Xilinx/Projects/6_2_ROM_M_MEM_BOARD/6_2_ROM_M_MEM_BOARD.srcs/sources_1/imports/sources_1/new/rom_m_mem.vhd:129]
INFO: [Synth 8-638] synthesizing module 'counter' [C:/Xilinx/Projects/6_2_ROM_M_MEM_BOARD/6_2_ROM_M_MEM_BOARD.srcs/sources_1/imports/sources_1/imports/new/counter.vhd:22]
	Parameter max_count bound to: 8 - type: integer 
INFO: [Synth 8-256] done synthesizing module 'counter' (0#1) [C:/Xilinx/Projects/6_2_ROM_M_MEM_BOARD/6_2_ROM_M_MEM_BOARD.srcs/sources_1/imports/sources_1/imports/new/counter.vhd:22]
INFO: [Synth 8-256] done synthesizing module 'rom_m_mem' (0#1) [C:/Xilinx/Projects/6_2_ROM_M_MEM_BOARD/6_2_ROM_M_MEM_BOARD.srcs/sources_1/imports/sources_1/new/rom_m_mem.vhd:18]
INFO: [Synth 8-256] done synthesizing module 'rom_m_mem_onboard' (0#1) [C:/Xilinx/Projects/6_2_ROM_M_MEM_BOARD/6_2_ROM_M_MEM_BOARD.srcs/sources_1/new/rom_m_mem_onboard.vhd:14]
WARNING: [Synth 8-7129] Port clock in module MEM_N is either unconnected or has no load
WARNING: [Synth 8-7129] Port write in module MEM_N is either unconnected or has no load
WARNING: [Synth 8-7129] Port address[2] in module MEM_N is either unconnected or has no load
WARNING: [Synth 8-7129] Port address[1] in module MEM_N is either unconnected or has no load
WARNING: [Synth 8-7129] Port address[0] in module MEM_N is either unconnected or has no load
WARNING: [Synth 8-7129] Port input[0] in module MEM_N is either unconnected or has no load
WARNING: [Synth 8-7129] Port input[1] in module MEM_N is either unconnected or has no load
WARNING: [Synth 8-7129] Port input[2] in module MEM_N is either unconnected or has no load
WARNING: [Synth 8-7129] Port input[3] in module MEM_N is either unconnected or has no load
---------------------------------------------------------------------------------
Finished RTL Elaboration : Time (s): cpu = 00:00:07 ; elapsed = 00:00:09 . Memory (MB): peak = 1400.488 ; gain = 501.859
---------------------------------------------------------------------------------
---------------------------------------------------------------------------------
Start Handling Custom Attributes
---------------------------------------------------------------------------------
---------------------------------------------------------------------------------
Finished Handling Custom Attributes : Time (s): cpu = 00:00:07 ; elapsed = 00:00:09 . Memory (MB): peak = 1400.488 ; gain = 501.859
---------------------------------------------------------------------------------
---------------------------------------------------------------------------------
Finished RTL Optimization Phase 1 : Time (s): cpu = 00:00:07 ; elapsed = 00:00:09 . Memory (MB): peak = 1400.488 ; gain = 501.859
---------------------------------------------------------------------------------
Netlist sorting complete. Time (s): cpu = 00:00:00 ; elapsed = 00:00:00.002 . Memory (MB): peak = 1400.488 ; gain = 0.000
INFO: [Project 1-570] Preparing netlist for logic optimization

Processing XDC Constraints
Initializing timing engine
Parsing XDC File [C:/Xilinx/Projects/6_2_ROM_M_MEM_BOARD/6_2_ROM_M_MEM_BOARD.srcs/constrs_1/imports/BoardFiles/Nexys-A7-100T-Master.xdc]
Finished Parsing XDC File [C:/Xilinx/Projects/6_2_ROM_M_MEM_BOARD/6_2_ROM_M_MEM_BOARD.srcs/constrs_1/imports/BoardFiles/Nexys-A7-100T-Master.xdc]
INFO: [Project 1-236] Implementation specific constraints were found while reading constraint file [C:/Xilinx/Projects/6_2_ROM_M_MEM_BOARD/6_2_ROM_M_MEM_BOARD.srcs/constrs_1/imports/BoardFiles/Nexys-A7-100T-Master.xdc]. These constraints will be ignored for synthesis but will be used in implementation. Impacted constraints are listed in the file [.Xil/rom_m_mem_onboard_propImpl.xdc].
Resolution: To avoid this warning, move constraints listed in [.Xil/rom_m_mem_onboard_propImpl.xdc] to another XDC file and exclude this new file from synthesis with the used_in_synthesis property (File Properties dialog in GUI) and re-run elaboration/synthesis.
Completed Processing XDC Constraints

Netlist sorting complete. Time (s): cpu = 00:00:00 ; elapsed = 00:00:00 . Memory (MB): peak = 1486.445 ; gain = 0.000
INFO: [Project 1-111] Unisim Transformation Summary:
No Unisim elements were transformed.

Constraint Validation Runtime : Time (s): cpu = 00:00:00 ; elapsed = 00:00:00.016 . Memory (MB): peak = 1486.445 ; gain = 0.000
INFO: [Designutils 20-5440] No compile time benefit to using incremental synthesis; A full resynthesis will be run
INFO: [Designutils 20-4379] Flow is switching to default flow due to incremental criteria not met. If you would like to alter this behaviour and have the flow terminate instead, please set the following parameter config_implementation {autoIncr.Synth.RejectBehavior Terminate}
---------------------------------------------------------------------------------
Finished Constraint Validation : Time (s): cpu = 00:00:16 ; elapsed = 00:00:19 . Memory (MB): peak = 1486.445 ; gain = 587.816
---------------------------------------------------------------------------------
---------------------------------------------------------------------------------
Start Loading Part and Timing Information
---------------------------------------------------------------------------------
Loading part: xc7a100tcsg324-1
---------------------------------------------------------------------------------
Finished Loading Part and Timing Information : Time (s): cpu = 00:00:16 ; elapsed = 00:00:19 . Memory (MB): peak = 1486.445 ; gain = 587.816
---------------------------------------------------------------------------------
---------------------------------------------------------------------------------
Start Applying 'set_property' XDC Constraints
---------------------------------------------------------------------------------
---------------------------------------------------------------------------------
Finished applying 'set_property' XDC Constraints : Time (s): cpu = 00:00:16 ; elapsed = 00:00:19 . Memory (MB): peak = 1486.445 ; gain = 587.816
---------------------------------------------------------------------------------
INFO: [Synth 8-802] inferred FSM for state register 'current_state_reg' in module 'control_unit'
---------------------------------------------------------------------------------------------------
                   State |                     New Encoding |                Previous Encoding 
---------------------------------------------------------------------------------------------------
                      s0 |                             0001 |                               00
                      s1 |                             0010 |                               01
                      s2 |                             0100 |                               10
                      s3 |                             1000 |                               11
---------------------------------------------------------------------------------------------------
INFO: [Synth 8-3354] encoded FSM with state register 'current_state_reg' using encoding 'one-hot' in module 'control_unit'
---------------------------------------------------------------------------------
Finished RTL Optimization Phase 2 : Time (s): cpu = 00:00:16 ; elapsed = 00:00:20 . Memory (MB): peak = 1486.445 ; gain = 587.816
---------------------------------------------------------------------------------
---------------------------------------------------------------------------------
Start RTL Component Statistics 
---------------------------------------------------------------------------------
Detailed RTL Component Info : 
+---Adders : 
	   2 Input   27 Bit       Adders := 1     
	   2 Input    3 Bit       Adders := 1     
+---Registers : 
	               27 Bit    Registers := 1     
	                8 Bit    Registers := 1     
	                3 Bit    Registers := 1     
	                1 Bit    Registers := 5     
+---ROMs : 
	                    ROMs := 1     
+---Muxes : 
	   2 Input   27 Bit        Muxes := 1     
	   4 Input    4 Bit        Muxes := 1     
	   2 Input    4 Bit        Muxes := 2     
	   2 Input    3 Bit        Muxes := 4     
	   4 Input    1 Bit        Muxes := 3     
	   2 Input    1 Bit        Muxes := 1     
---------------------------------------------------------------------------------
Finished RTL Component Statistics 
---------------------------------------------------------------------------------
---------------------------------------------------------------------------------
Start Part Resource Summary
---------------------------------------------------------------------------------
Part Resources:
DSPs: 240 (col length:80)
BRAMs: 270 (col length: RAMB18 80 RAMB36 40)
---------------------------------------------------------------------------------
Finished Part Resource Summary
---------------------------------------------------------------------------------
---------------------------------------------------------------------------------
Start Cross Boundary and Area Optimization
---------------------------------------------------------------------------------
WARNING: [Synth 8-7080] Parallel synthesis criteria is not met
---------------------------------------------------------------------------------
Finished Cross Boundary and Area Optimization : Time (s): cpu = 00:00:18 ; elapsed = 00:00:22 . Memory (MB): peak = 1486.445 ; gain = 587.816
---------------------------------------------------------------------------------
---------------------------------------------------------------------------------
Start Applying XDC Timing Constraints
---------------------------------------------------------------------------------
---------------------------------------------------------------------------------
Finished Applying XDC Timing Constraints : Time (s): cpu = 00:00:23 ; elapsed = 00:00:27 . Memory (MB): peak = 1486.445 ; gain = 587.816
---------------------------------------------------------------------------------
---------------------------------------------------------------------------------
Start Timing Optimization
---------------------------------------------------------------------------------
---------------------------------------------------------------------------------
Finished Timing Optimization : Time (s): cpu = 00:00:23 ; elapsed = 00:00:28 . Memory (MB): peak = 1486.445 ; gain = 587.816
---------------------------------------------------------------------------------
---------------------------------------------------------------------------------
Start Technology Mapping
---------------------------------------------------------------------------------
INFO: [Synth 8-7052] The timing for the instance rom_m_mem_inst/rom/output_reg (implemented as a Block RAM) might be sub-optimal as no optional output register could be merged into the ram block. Providing additional output register may help in improving timing.
---------------------------------------------------------------------------------
Finished Technology Mapping : Time (s): cpu = 00:00:23 ; elapsed = 00:00:28 . Memory (MB): peak = 1486.445 ; gain = 587.816
---------------------------------------------------------------------------------
---------------------------------------------------------------------------------
Start IO Insertion
---------------------------------------------------------------------------------
---------------------------------------------------------------------------------
Start Flattening Before IO Insertion
---------------------------------------------------------------------------------
---------------------------------------------------------------------------------
Finished Flattening Before IO Insertion
---------------------------------------------------------------------------------
---------------------------------------------------------------------------------
Start Final Netlist Cleanup
---------------------------------------------------------------------------------
---------------------------------------------------------------------------------
Finished Final Netlist Cleanup
---------------------------------------------------------------------------------
---------------------------------------------------------------------------------
Finished IO Insertion : Time (s): cpu = 00:00:28 ; elapsed = 00:00:32 . Memory (MB): peak = 1486.445 ; gain = 587.816
---------------------------------------------------------------------------------
---------------------------------------------------------------------------------
Start Renaming Generated Instances
---------------------------------------------------------------------------------
---------------------------------------------------------------------------------
Finished Renaming Generated Instances : Time (s): cpu = 00:00:28 ; elapsed = 00:00:32 . Memory (MB): peak = 1486.445 ; gain = 587.816
---------------------------------------------------------------------------------
---------------------------------------------------------------------------------
Start Rebuilding User Hierarchy
---------------------------------------------------------------------------------
---------------------------------------------------------------------------------
Finished Rebuilding User Hierarchy : Time (s): cpu = 00:00:28 ; elapsed = 00:00:32 . Memory (MB): peak = 1486.445 ; gain = 587.816
---------------------------------------------------------------------------------
---------------------------------------------------------------------------------
Start Renaming Generated Ports
---------------------------------------------------------------------------------
---------------------------------------------------------------------------------
Finished Renaming Generated Ports : Time (s): cpu = 00:00:28 ; elapsed = 00:00:32 . Memory (MB): peak = 1486.445 ; gain = 587.816
---------------------------------------------------------------------------------
---------------------------------------------------------------------------------
Start Handling Custom Attributes
---------------------------------------------------------------------------------
---------------------------------------------------------------------------------
Finished Handling Custom Attributes : Time (s): cpu = 00:00:28 ; elapsed = 00:00:32 . Memory (MB): peak = 1486.445 ; gain = 587.816
---------------------------------------------------------------------------------
---------------------------------------------------------------------------------
Start Renaming Generated Nets
---------------------------------------------------------------------------------
---------------------------------------------------------------------------------
Finished Renaming Generated Nets : Time (s): cpu = 00:00:28 ; elapsed = 00:00:32 . Memory (MB): peak = 1486.445 ; gain = 587.816
---------------------------------------------------------------------------------
---------------------------------------------------------------------------------
Start Writing Synthesis Report
---------------------------------------------------------------------------------

Report BlackBoxes: 
+-+--------------+----------+
| |BlackBox name |Instances |
+-+--------------+----------+
+-+--------------+----------+

Report Cell Usage: 
+------+---------+------+
|      |Cell     |Count |
+------+---------+------+
|1     |BUFG     |     1|
|2     |CARRY4   |     7|
|3     |LUT1     |     1|
|4     |LUT2     |     4|
|5     |LUT3     |     3|
|6     |LUT4     |     8|
|7     |LUT5     |     4|
|8     |LUT6     |     1|
|9     |RAMB18E1 |     1|
|10    |FDRE     |    36|
|11    |FDSE     |     2|
|12    |IBUF     |     3|
|13    |OBUF     |     4|
+------+---------+------+
---------------------------------------------------------------------------------
Finished Writing Synthesis Report : Time (s): cpu = 00:00:28 ; elapsed = 00:00:33 . Memory (MB): peak = 1486.445 ; gain = 587.816
---------------------------------------------------------------------------------
Synthesis finished with 0 errors, 0 critical warnings and 1 warnings.
Synthesis Optimization Runtime : Time (s): cpu = 00:00:19 ; elapsed = 00:00:30 . Memory (MB): peak = 1486.445 ; gain = 501.859
Synthesis Optimization Complete : Time (s): cpu = 00:00:28 ; elapsed = 00:00:33 . Memory (MB): peak = 1486.445 ; gain = 587.816
INFO: [Project 1-571] Translating synthesized netlist
Netlist sorting complete. Time (s): cpu = 00:00:00 ; elapsed = 00:00:00.002 . Memory (MB): peak = 1486.445 ; gain = 0.000
INFO: [Netlist 29-17] Analyzing 8 Unisim elements for replacement
INFO: [Netlist 29-28] Unisim Transformation completed in 0 CPU seconds
INFO: [Project 1-570] Preparing netlist for logic optimization
INFO: [Opt 31-138] Pushed 0 inverter(s) to 0 load pin(s).
Netlist sorting complete. Time (s): cpu = 00:00:00 ; elapsed = 00:00:00 . Memory (MB): peak = 1486.445 ; gain = 0.000
INFO: [Project 1-111] Unisim Transformation Summary:
No Unisim elements were transformed.

Synth Design complete | Checksum: 566e6376
INFO: [Common 17-83] Releasing license: Synthesis
47 Infos, 10 Warnings, 0 Critical Warnings and 0 Errors encountered.
synth_design completed successfully
synth_design: Time (s): cpu = 00:00:34 ; elapsed = 00:00:41 . Memory (MB): peak = 1486.445 ; gain = 981.832
INFO: [Common 17-1381] The checkpoint 'C:/Xilinx/Projects/6_2_ROM_M_MEM_BOARD/6_2_ROM_M_MEM_BOARD.runs/synth_1/rom_m_mem_onboard.dcp' has been generated.
INFO: [runtcl-4] Executing : report_utilization -file rom_m_mem_onboard_utilization_synth.rpt -pb rom_m_mem_onboard_utilization_synth.pb
INFO: [Common 17-206] Exiting Vivado at Sat Feb  8 11:19:26 2025...
